[debug] [2022-08-31T16:56:35.884Z] ----------------------------------------------------------------------
[debug] [2022-08-31T16:56:35.886Z] Command:       C:\Program Files\nodejs\node.exe C:\Users\91935\AppData\Roaming\npm\node_modules\firebase-tools\lib\bin\firebase.js emulators:start
[debug] [2022-08-31T16:56:35.886Z] CLI Version:   11.8.0
[debug] [2022-08-31T16:56:35.886Z] Platform:      win32
[debug] [2022-08-31T16:56:35.887Z] Node Version:  v16.14.0
[debug] [2022-08-31T16:56:35.893Z] Time:          Wed Aug 31 2022 22:26:35 GMT+0530 (India Standard Time)
[debug] [2022-08-31T16:56:35.893Z] ----------------------------------------------------------------------
[debug] 
[debug] [2022-08-31T16:56:35.989Z] > command requires scopes: ["email","openid","https://www.googleapis.com/auth/cloudplatformprojects.readonly","https://www.googleapis.com/auth/firebase","https://www.googleapis.com/auth/cloud-platform"]
[debug] [2022-08-31T16:56:35.989Z] > authorizing via signed-in user (kuldeepks4132@gmail.com)
[info] i  emulators: Starting emulators: functions, hosting {"metadata":{"emulator":{"name":"hub"},"message":"Starting emulators: functions, hosting"}}
[debug] [2022-08-31T16:56:36.035Z] [hub] writing locator at C:\Users\91935\AppData\Local\Temp\hub-clone-b64f8.json
[warn] !  functions: The following emulators are not running, calls to these services from the Functions emulator will affect production: auth, firestore, database, pubsub, storage, eventarc {"metadata":{"emulator":{"name":"functions"},"message":"The following emulators are not running, calls to these services from the Functions emulator will affect production: \u001b[1mauth, firestore, database, pubsub, storage, eventarc\u001b[22m"}}
[info] +  functions: Using node@16 from host. {"metadata":{"emulator":{"name":"functions"},"message":"Using node@16 from host."}}
[debug] [2022-08-31T16:56:36.077Z] defaultcredentials: writing to file C:\Users\91935\AppData\Roaming\firebase\kuldeepks4132_gmail_com_application_default_credentials.json
[debug] [2022-08-31T16:56:36.079Z] Setting GAC to C:\Users\91935\AppData\Roaming\firebase\kuldeepks4132_gmail_com_application_default_credentials.json {"metadata":{"emulator":{"name":"functions"},"message":"Setting GAC to C:\\Users\\91935\\AppData\\Roaming\\firebase\\kuldeepks4132_gmail_com_application_default_credentials.json"}}
[debug] [2022-08-31T16:56:36.081Z] >>> [apiv2][query] GET https://firebase.googleapis.com/v1beta1/projects/clone-b64f8/adminSdkConfig [none]
[debug] [2022-08-31T16:56:36.948Z] <<< [apiv2][status] GET https://firebase.googleapis.com/v1beta1/projects/clone-b64f8/adminSdkConfig 200
[debug] [2022-08-31T16:56:36.949Z] <<< [apiv2][body] GET https://firebase.googleapis.com/v1beta1/projects/clone-b64f8/adminSdkConfig {"projectId":"clone-b64f8","storageBucket":"clone-b64f8.appspot.com"}
[debug] [2022-08-31T16:56:36.971Z] >>> [apiv2][query] GET https://firebasehosting.googleapis.com/v1beta1/projects/clone-b64f8/sites 
[debug] [2022-08-31T16:56:38.680Z] <<< [apiv2][status] GET https://firebasehosting.googleapis.com/v1beta1/projects/clone-b64f8/sites 200
[debug] [2022-08-31T16:56:38.680Z] <<< [apiv2][body] GET https://firebasehosting.googleapis.com/v1beta1/projects/clone-b64f8/sites {"sites":[{"name":"projects/clone-b64f8/sites/clone-b64f8","defaultUrl":"https://clone-b64f8.web.app","appId":"1:113737320336:web:addcc9dc44417bbcee5515","type":"DEFAULT_SITE"}]}
[debug] [2022-08-31T16:56:38.681Z] >>> [apiv2][query] GET https://firebase.googleapis.com/v1beta1/projects/clone-b64f8/webApps/1:113737320336:web:addcc9dc44417bbcee5515/config [none]
[debug] [2022-08-31T16:56:40.256Z] <<< [apiv2][status] GET https://firebase.googleapis.com/v1beta1/projects/clone-b64f8/webApps/1:113737320336:web:addcc9dc44417bbcee5515/config 200
[debug] [2022-08-31T16:56:40.256Z] <<< [apiv2][body] GET https://firebase.googleapis.com/v1beta1/projects/clone-b64f8/webApps/1:113737320336:web:addcc9dc44417bbcee5515/config {"projectId":"clone-b64f8","appId":"1:113737320336:web:addcc9dc44417bbcee5515","storageBucket":"clone-b64f8.appspot.com","apiKey":"AIzaSyC4YKDDj6GA-OEwfW3mnE5Fh_um1ExUVcg","authDomain":"clone-b64f8.firebaseapp.com","messagingSenderId":"113737320336","measurementId":"G-35Q3XVSTC8"}
[info] i  hosting: Serving hosting files from: build {"metadata":{"emulator":{"name":"hosting"},"message":"Serving hosting files from: \u001b[1mbuild\u001b[22m"}}
[info] +  hosting: Local server: http://localhost:5000 {"metadata":{"emulator":{"name":"hosting"},"message":"Local server: \u001b[4m\u001b[1mhttp://localhost:5000\u001b[22m\u001b[24m"}}
[info] i  ui: downloading ui-v1.9.0.zip... {"metadata":{"emulator":{"name":"ui"},"message":"downloading ui-v1.9.0.zip..."}}
[debug] [2022-08-31T16:56:40.309Z] >>> [apiv2][query] GET https://storage.googleapis.com/firebase-preview-drop/emulator/ui-v1.9.0.zip 
[debug] [2022-08-31T16:56:41.417Z] <<< [apiv2][status] GET https://storage.googleapis.com/firebase-preview-drop/emulator/ui-v1.9.0.zip 200
[debug] [2022-08-31T16:56:41.418Z] <<< [apiv2][body] GET https://storage.googleapis.com/firebase-preview-drop/emulator/ui-v1.9.0.zip [stream]
[debug] [2022-08-31T16:56:50.984Z] Ignoring unsupported arg: auto_download {"metadata":{"emulator":{"name":"ui"},"message":"Ignoring unsupported arg: auto_download"}}
[debug] [2022-08-31T16:56:50.984Z] Ignoring unsupported arg: port {"metadata":{"emulator":{"name":"ui"},"message":"Ignoring unsupported arg: port"}}
[debug] [2022-08-31T16:56:50.985Z] Starting Emulator UI with command {"binary":"node","args":["C:\\Users\\91935\\.cache\\firebase\\emulators\\ui-v1.9.0\\server\\server.js"],"optionalArgs":[],"joinArgs":false} {"metadata":{"emulator":{"name":"ui"},"message":"Starting Emulator UI with command {\"binary\":\"node\",\"args\":[\"C:\\\\Users\\\\91935\\\\.cache\\\\firebase\\\\emulators\\\\ui-v1.9.0\\\\server\\\\server.js\"],\"optionalArgs\":[],\"joinArgs\":false}"}}
[info] i  ui: Emulator UI logging to ui-debug.log {"metadata":{"emulator":{"name":"ui"},"message":"Emulator UI logging to \u001b[1mui-debug.log\u001b[22m"}}
[debug] [2022-08-31T16:56:51.183Z] Web / API server started at localhost:4000
 {"metadata":{"emulator":{"name":"ui"},"message":"Web / API server started at localhost:4000\n"}}
[info] i  functions: Watching "C:\Users\91935\Desktop\amazon_clone\react-challenge-amazon-clone\functions" for Cloud Functions... {"metadata":{"emulator":{"name":"functions"},"message":"Watching \"C:\\Users\\91935\\Desktop\\amazon_clone\\react-challenge-amazon-clone\\functions\" for Cloud Functions..."}}
[debug] [2022-08-31T16:56:51.271Z] Validating nodejs source
[debug] [2022-08-31T16:56:54.742Z] > [functions] package.json contents: {
  "name": "functions",
  "description": "Cloud Functions for Firebase",
  "scripts": {
    "lint": "eslint .",
    "serve": "firebase emulators:start --only functions",
    "shell": "firebase functions:shell",
    "start": "npm run shell",
    "deploy": "firebase deploy --only functions",
    "logs": "firebase functions:log"
  },
  "engines": {
    "node": "16"
  },
  "main": "index.js",
  "dependencies": {
    "cors": "^2.8.5",
    "express": "^4.18.1",
    "firebase-admin": "^10.0.2",
    "firebase-functions": "^3.18.0",
    "stripe": "^10.7.0"
  },
  "devDependencies": {
    "eslint": "^8.9.0",
    "eslint-config-google": "^0.14.0",
    "firebase-functions-test": "^0.2.0"
  },
  "private": true
}
[debug] [2022-08-31T16:56:54.743Z] Building nodejs source
[debug] [2022-08-31T16:56:54.743Z] Analyzing nodejs backend spec
[debug] [2022-08-31T16:56:54.744Z] Could not find functions.yaml. Must use http discovery
[debug] [2022-08-31T16:56:55.153Z] Serving at port 9005

[debug] [2022-08-31T16:56:55.353Z] Got response from /__/functions.yaml {"endpoints":{"api":{"platform":"gcfv1","httpsTrigger":{},"entryPoint":"api"}},"specVersion":"v1alpha1","requiredAPIs":[]}
[debug] [2022-08-31T16:56:55.361Z] shutdown requested via /__/quitquitquit

[info] +  functions: Loaded functions definitions from source: api. {"metadata":{"emulator":{"name":"functions"},"message":"Loaded functions definitions from source: api."}}
[info] +  functions[us-central1-api]: http function initialized (http://localhost:5001/clone-b64f8/us-central1/api). {"metadata":{"emulator":{"name":"functions"},"message":"\u001b[1mhttp\u001b[22m function initialized (http://localhost:5001/clone-b64f8/us-central1/api)."}}
[info] 
┌─────────────────────────────────────────────────────────────┐
│ ✔  All emulators ready! It is now safe to connect your app. │
│ i  View Emulator UI at http://localhost:4000                │
└─────────────────────────────────────────────────────────────┘

┌───────────┬────────────────┬─────────────────────────────────┐
│ Emulator  │ Host:Port      │ View in Emulator UI             │
├───────────┼────────────────┼─────────────────────────────────┤
│ Functions │ localhost:5001 │ http://localhost:4000/functions │
├───────────┼────────────────┼─────────────────────────────────┤
│ Hosting   │ localhost:5000 │ n/a                             │
└───────────┴────────────────┴─────────────────────────────────┘
  Emulator Hub running at localhost:4400
  Other reserved ports: 4500

Issues? Report them at https://github.com/firebase/firebase-tools/issues and attach the *-debug.log files.
 
[debug] [2022-08-31T16:59:57.605Z] File C:\Users\91935\Desktop\amazon_clone\react-challenge-amazon-clone\functions\index.js changed, reloading triggers {"metadata":{"emulator":{"name":"functions"},"message":"File C:\\Users\\91935\\Desktop\\amazon_clone\\react-challenge-amazon-clone\\functions\\index.js changed, reloading triggers"}}
[debug] [2022-08-31T16:59:58.617Z] Validating nodejs source
[debug] [2022-08-31T17:00:02.833Z] > [functions] package.json contents: {
  "name": "functions",
  "description": "Cloud Functions for Firebase",
  "scripts": {
    "lint": "eslint .",
    "serve": "firebase emulators:start --only functions",
    "shell": "firebase functions:shell",
    "start": "npm run shell",
    "deploy": "firebase deploy --only functions",
    "logs": "firebase functions:log"
  },
  "engines": {
    "node": "16"
  },
  "main": "index.js",
  "dependencies": {
    "cors": "^2.8.5",
    "express": "^4.18.1",
    "firebase-admin": "^10.0.2",
    "firebase-functions": "^3.18.0",
    "stripe": "^10.7.0"
  },
  "devDependencies": {
    "eslint": "^8.9.0",
    "eslint-config-google": "^0.14.0",
    "firebase-functions-test": "^0.2.0"
  },
  "private": true
}
[debug] [2022-08-31T17:00:02.833Z] Building nodejs source
[debug] [2022-08-31T17:00:02.833Z] Analyzing nodejs backend spec
[debug] [2022-08-31T17:00:02.834Z] Could not find functions.yaml. Must use http discovery
[debug] [2022-08-31T17:00:03.250Z] Serving at port 9005

[debug] [2022-08-31T17:00:03.525Z] Got response from /__/functions.yaml {"endpoints":{"api":{"platform":"gcfv1","httpsTrigger":{},"entryPoint":"api"}},"specVersion":"v1alpha1","requiredAPIs":[]}
[debug] [2022-08-31T17:00:03.531Z] shutdown requested via /__/quitquitquit

[info] +  functions: Loaded functions definitions from source: api. {"metadata":{"emulator":{"name":"functions"},"message":"Loaded functions definitions from source: api."}}
[debug] [2022-08-31T17:00:25.500Z] File C:\Users\91935\Desktop\amazon_clone\react-challenge-amazon-clone\functions\index.js changed, reloading triggers {"metadata":{"emulator":{"name":"functions"},"message":"File C:\\Users\\91935\\Desktop\\amazon_clone\\react-challenge-amazon-clone\\functions\\index.js changed, reloading triggers"}}
[debug] [2022-08-31T17:00:26.517Z] Validating nodejs source
[debug] [2022-08-31T17:00:30.120Z] > [functions] package.json contents: {
  "name": "functions",
  "description": "Cloud Functions for Firebase",
  "scripts": {
    "lint": "eslint .",
    "serve": "firebase emulators:start --only functions",
    "shell": "firebase functions:shell",
    "start": "npm run shell",
    "deploy": "firebase deploy --only functions",
    "logs": "firebase functions:log"
  },
  "engines": {
    "node": "16"
  },
  "main": "index.js",
  "dependencies": {
    "cors": "^2.8.5",
    "express": "^4.18.1",
    "firebase-admin": "^10.0.2",
    "firebase-functions": "^3.18.0",
    "stripe": "^10.7.0"
  },
  "devDependencies": {
    "eslint": "^8.9.0",
    "eslint-config-google": "^0.14.0",
    "firebase-functions-test": "^0.2.0"
  },
  "private": true
}
[debug] [2022-08-31T17:00:30.120Z] Building nodejs source
[debug] [2022-08-31T17:00:30.120Z] Analyzing nodejs backend spec
[debug] [2022-08-31T17:00:30.122Z] Could not find functions.yaml. Must use http discovery
[debug] [2022-08-31T17:00:30.134Z] File C:\Users\91935\Desktop\amazon_clone\react-challenge-amazon-clone\functions\index.js changed, reloading triggers {"metadata":{"emulator":{"name":"functions"},"message":"File C:\\Users\\91935\\Desktop\\amazon_clone\\react-challenge-amazon-clone\\functions\\index.js changed, reloading triggers"}}
